Using pre-set license
Built from '2021.2/staging' branch; Version is '2021.2.6f1 (8c4e826ba445) revision 9195138'; Using compiler version '192829333'; Build Type 'Release'
OS: 'Windows 10  (10.0.19044) 64bit Professional' Language: 'pt' Physical Memory: 8086 MB
BatchMode: 1, IsHumanControllingUs: 0, StartBugReporterOnCrash: 0, Is64bit: 1, IsPro: 0

COMMAND LINE ARGUMENTS:
C:\Program Files\Unity\Hub\Editor\2021.2.6f1\Editor\Unity.exe
-adb2
-batchMode
-noUpm
-name
AssetImportWorker0
-projectPath
C:/Users/lima_/Documents/dissertação/unity/OrcDesafioDaFisica
-logFile
Logs/AssetImportWorker0.log
-srvPort
51520
Successfully changed project path to: C:/Users/lima_/Documents/dissertação/unity/OrcDesafioDaFisica
C:/Users/lima_/Documents/dissertação/unity/OrcDesafioDaFisica
[UnityMemory] Configuration Parameters - Can be set up in boot.config
    "memorysetup-bucket-allocator-granularity=16"
    "memorysetup-bucket-allocator-bucket-count=8"
    "memorysetup-bucket-allocator-block-size=33554432"
    "memorysetup-bucket-allocator-block-count=8"
    "memorysetup-main-allocator-block-size=16777216"
    "memorysetup-thread-allocator-block-size=16777216"
    "memorysetup-gfx-main-allocator-block-size=16777216"
    "memorysetup-gfx-thread-allocator-block-size=16777216"
    "memorysetup-cache-allocator-block-size=4194304"
    "memorysetup-typetree-allocator-block-size=2097152"
    "memorysetup-profiler-bucket-allocator-granularity=16"
    "memorysetup-profiler-bucket-allocator-bucket-count=8"
    "memorysetup-profiler-bucket-allocator-block-size=33554432"
    "memorysetup-profiler-bucket-allocator-block-count=8"
    "memorysetup-profiler-allocator-block-size=16777216"
    "memorysetup-profiler-editor-allocator-block-size=1048576"
    "memorysetup-temp-allocator-size-main=16777216"
    "memorysetup-job-temp-allocator-block-size=2097152"
    "memorysetup-job-temp-allocator-block-size-background=1048576"
    "memorysetup-job-temp-allocator-reduction-small-platforms=262144"
    "memorysetup-temp-allocator-size-background-worker=32768"
    "memorysetup-temp-allocator-size-job-worker=262144"
    "memorysetup-temp-allocator-size-preload-manager=33554432"
    "memorysetup-temp-allocator-size-nav-mesh-worker=65536"
    "memorysetup-temp-allocator-size-audio-worker=65536"
    "memorysetup-temp-allocator-size-cloud-worker=32768"
    "memorysetup-temp-allocator-size-gi-baking-worker=262144"
    "memorysetup-temp-allocator-size-gfx=262144"
Refreshing native plugins compatible for Editor in 250.79 ms, found 2 plugins.
Preloading 0 native plugins for Editor in 0.00 ms.
Initialize engine version: 2021.2.6f1 (8c4e826ba445)
[Subsystems] Discovering subsystems at path C:/Program Files/Unity/Hub/Editor/2021.2.6f1/Editor/Data/Resources/UnitySubsystems
[Subsystems] Discovering subsystems at path C:/Users/lima_/Documents/dissertação/unity/OrcDesafioDaFisica/Assets
GfxDevice: creating device client; threaded=0; jobified=0
Direct3D:
    Version:  Direct3D 11.0 [level 11.0]
    Renderer: NVIDIA GeForce 920M (ID=0x1299)
    Vendor:   NVIDIA
    VRAM:     2020 MB
    Driver:   23.21.13.8873
Initialize mono
Mono path[0] = 'C:/Program Files/Unity/Hub/Editor/2021.2.6f1/Editor/Data/Managed'
Mono path[1] = 'C:/Program Files/Unity/Hub/Editor/2021.2.6f1/Editor/Data/MonoBleedingEdge/lib/mono/unityjit-win32'
Mono config path = 'C:/Program Files/Unity/Hub/Editor/2021.2.6f1/Editor/Data/MonoBleedingEdge/etc'
Using monoOptions --debugger-agent=transport=dt_socket,embedding=1,server=y,suspend=n,address=127.0.0.1:56596
Begin MonoManager ReloadAssembly
Registering precompiled unity dll's ...
Register platform support module: C:/Program Files/Unity/Hub/Editor/2021.2.6f1/Editor/Data/PlaybackEngines/WindowsStandaloneSupport/UnityEditor.WindowsStandalone.Extensions.dll
Registered in 0.067183 seconds.
Native extension for WindowsStandalone target not found
Refreshing native plugins compatible for Editor in 165.87 ms, found 2 plugins.
Preloading 0 native plugins for Editor in 0.00 ms.
Mono: successfully reloaded assembly
- Completed reload, in 11.638 seconds
Domain Reload Profiling:
	ReloadAssembly (11642ms)
		BeginReloadAssembly (3144ms)
			ExecutionOrderSort (0ms)
			DisableScriptedObjects (0ms)
			BackupInstance (0ms)
			ReleaseScriptingObjects (0ms)
			CreateAndSetChildDomain (5ms)
		EndReloadAssembly (2309ms)
			LoadAssemblies (3125ms)
			RebuildTransferFunctionScriptingTraits (0ms)
			SetupTypeCache (709ms)
			ReleaseScriptCaches (0ms)
			RebuildScriptCaches (145ms)
			SetupLoadedEditorAssemblies (1098ms)
				LogAssemblyErrors (0ms)
				InitializePlatformSupportModulesInManaged (83ms)
				SetLoadedEditorAssemblies (1ms)
				RefreshPlugins (166ms)
				BeforeProcessingInitializeOnLoad (4ms)
				ProcessInitializeOnLoadAttributes (621ms)
				ProcessInitializeOnLoadMethodAttributes (223ms)
				AfterProcessingInitializeOnLoad (0ms)
				EditorAssembliesLoaded (0ms)
			ExecutionOrderSort2 (0ms)
			AwakeInstancesAfterBackupRestoration (0ms)
Platform modules already initialized, skipping
Registering precompiled user dll's ...
Registered in 0.034327 seconds.
Begin MonoManager ReloadAssembly
Native extension for WindowsStandalone target not found
Refreshing native plugins compatible for Editor in 0.83 ms, found 2 plugins.
Preloading 0 native plugins for Editor in 0.00 ms.
Mono: successfully reloaded assembly
- Completed reload, in  4.477 seconds
Domain Reload Profiling:
	ReloadAssembly (4479ms)
		BeginReloadAssembly (763ms)
			ExecutionOrderSort (0ms)
			DisableScriptedObjects (28ms)
			BackupInstance (0ms)
			ReleaseScriptingObjects (0ms)
			CreateAndSetChildDomain (122ms)
		EndReloadAssembly (3229ms)
			LoadAssemblies (344ms)
			RebuildTransferFunctionScriptingTraits (0ms)
			SetupTypeCache (899ms)
			ReleaseScriptCaches (1ms)
			RebuildScriptCaches (285ms)
			SetupLoadedEditorAssemblies (1522ms)
				LogAssemblyErrors (0ms)
				InitializePlatformSupportModulesInManaged (67ms)
				SetLoadedEditorAssemblies (1ms)
				RefreshPlugins (1ms)
				BeforeProcessingInitializeOnLoad (298ms)
				ProcessInitializeOnLoadAttributes (933ms)
				ProcessInitializeOnLoadMethodAttributes (175ms)
				AfterProcessingInitializeOnLoad (47ms)
				EditorAssembliesLoaded (0ms)
			ExecutionOrderSort2 (0ms)
			AwakeInstancesAfterBackupRestoration (27ms)
Platform modules already initialized, skipping
========================================================================
Worker process is ready to serve import requests
Launched and connected shader compiler UnityShaderCompiler.exe after 0.28 seconds
Refreshing native plugins compatible for Editor in 0.81 ms, found 2 plugins.
Preloading 0 native plugins for Editor in 0.00 ms.
Unloading 1642 Unused Serialized files (Serialized files now loaded: 0)
Unloading 23 unused Assets / (55.8 KB). Loaded Objects now: 2108.
Memory consumption went from 71.8 MB to 71.8 MB.
Total: 10.714000 ms (FindLiveObjects: 0.294100 ms CreateObjectMapping: 0.095000 ms MarkObjects: 9.939200 ms  DeleteObjects: 0.383700 ms)

AssetImportParameters requested are different than current active one (requested -> active):
  custom:video-decoder-ogg-theora: a1e56fd34408186e4bbccfd4996cb3dc -> 
  custom:container-muxer-webm: aa71ff27fc2769a1b78a27578f13a17b -> 
  custom:container-demuxer-webm: 4f35f7cbe854078d1ac9338744f61a02 -> 
  custom:video-encoder-webm-vp8: eb34c28f22e8b96e1ab97ce403110664 -> 
  custom:audio-encoder-webm-vorbis: bf7c407c2cedff20999df2af8eb42d56 -> 
  custom:framework-win-MediaFoundation: 216162199b28c13a410421893ffa2e32 -> 
  custom:container-demuxer-ogg: 62fdf1f143b41e24485cea50d1cbac27 -> 
  custom:video-decoder-webm-vp8: 9c59270c3fd7afecdb556c50c9e8de78 -> 
  custom:audio-decoder-ogg-vorbis: bf7c407c2cedff20999df2af8eb42d56 -> 
========================================================================
Received Import Request.
  Time since last request: 303201.603949 seconds.
  path: Assets/Scripts/Orc/Jogador.cs
  artifactKey: Guid(ba6ffbd3e6cd1854aa8f92e1ab0be518) Importer(815301076,1909f56bfc062723c751e8b465ee728b)
Start importing Assets/Scripts/Orc/Jogador.cs using Guid(ba6ffbd3e6cd1854aa8f92e1ab0be518) Importer(815301076,1909f56bfc062723c751e8b465ee728b)  -> (artifact id: 'cb6f6b76234d71eda210d181cf8f2790') in 0.122596 seconds 
========================================================================
Received Import Request.
  Time since last request: 125.040769 seconds.
  path: Assets/Scripts/Perguntas/Pergunta.cs
  artifactKey: Guid(361cd6d44e77f7941a45b00ac4790871) Importer(815301076,1909f56bfc062723c751e8b465ee728b)
Start importing Assets/Scripts/Perguntas/Pergunta.cs using Guid(361cd6d44e77f7941a45b00ac4790871) Importer(815301076,1909f56bfc062723c751e8b465ee728b)  -> (artifact id: '2af10708345a9287ce959349fe1c35bd') in 0.017864 seconds 
========================================================================
Received Import Request.
  Time since last request: 331.666739 seconds.
  path: Assets/prefabs/Ave.prefab
  artifactKey: Guid(7bee5bff022599c41958475c3bc94ce7) Importer(815301076,1909f56bfc062723c751e8b465ee728b)
Start importing Assets/prefabs/Ave.prefab using Guid(7bee5bff022599c41958475c3bc94ce7) Importer(815301076,1909f56bfc062723c751e8b465ee728b)  -> (artifact id: '54a4b5cc29dffb0f857d12c636cd9857') in 0.341605 seconds 
========================================================================
Received Import Request.
  Time since last request: 0.000055 seconds.
  path: Assets/prefabs/Question (1).prefab
  artifactKey: Guid(4189e1721c015b5498a99700a27cfbb3) Importer(815301076,1909f56bfc062723c751e8b465ee728b)
Start importing Assets/prefabs/Question (1).prefab using Guid(4189e1721c015b5498a99700a27cfbb3) Importer(815301076,1909f56bfc062723c751e8b465ee728b)  -> (artifact id: 'ae69ca73538347e9afe48f797f30aeab') in 0.052552 seconds 
========================================================================
Received Import Request.
  Time since last request: 0.000054 seconds.
  path: Assets/prefabs/estaca.prefab
  artifactKey: Guid(728a967bdf3a74d468f8c67fa2c3eb76) Importer(815301076,1909f56bfc062723c751e8b465ee728b)
Start importing Assets/prefabs/estaca.prefab using Guid(728a967bdf3a74d468f8c67fa2c3eb76) Importer(815301076,1909f56bfc062723c751e8b465ee728b) Tried select unknown importer for id '-2' '00000000000000000000000000000000'
 -> (artifact id: 'f2aacb2fef820b8e7301b447941c9e00') in 0.105854 seconds 
========================================================================
Received Import Request.
  Time since last request: 0.000044 seconds.
  path: Assets/prefabs/congumelo.prefab
  artifactKey: Guid(04ef15f536069e64585f706f69ab5a6f) Importer(815301076,1909f56bfc062723c751e8b465ee728b)
Start importing Assets/prefabs/congumelo.prefab using Guid(04ef15f536069e64585f706f69ab5a6f) Importer(815301076,1909f56bfc062723c751e8b465ee728b)  -> (artifact id: '0931c9ca9d7a855855742d5066bf64ce') in 0.070555 seconds 
========================================================================
Received Import Request.
  Time since last request: 0.000046 seconds.
  path: Assets/prefabs/orc 1.prefab
  artifactKey: Guid(1a8e85014db99a54b827f7375aa4bd1a) Importer(815301076,1909f56bfc062723c751e8b465ee728b)
Start importing Assets/prefabs/orc 1.prefab using Guid(1a8e85014db99a54b827f7375aa4bd1a) Importer(815301076,1909f56bfc062723c751e8b465ee728b) Tried select unknown importer for id '-2' '00000000000000000000000000000000'
 -> (artifact id: 'ef23e1302fe067b8a260d7ca7e34ca2f') in 0.156723 seconds 
========================================================================
Received Import Request.
  Time since last request: 0.000177 seconds.
  path: Assets/prefabs/rampa.prefab
  artifactKey: Guid(0c724c506cb2147469d399b40b73e2cf) Importer(815301076,1909f56bfc062723c751e8b465ee728b)
Start importing Assets/prefabs/rampa.prefab using Guid(0c724c506cb2147469d399b40b73e2cf) Importer(815301076,1909f56bfc062723c751e8b465ee728b)  -> (artifact id: 'bb674ffbd614faac5e2c931a29df9393') in 0.021604 seconds 
========================================================================
Received Import Request.
  Time since last request: 0.000151 seconds.
  path: Assets/prefabs/Moeda.prefab
  artifactKey: Guid(ce27c5aa4e5dc1942a79866d381974e3) Importer(815301076,1909f56bfc062723c751e8b465ee728b)
Start importing Assets/prefabs/Moeda.prefab using Guid(ce27c5aa4e5dc1942a79866d381974e3) Importer(815301076,1909f56bfc062723c751e8b465ee728b)  -> (artifact id: '812746a50dc9ef96a9b7c61eea95ea7e') in 0.064161 seconds 
========================================================================
Received Import Request.
  Time since last request: 2.598299 seconds.
  path: Assets/Scripts/Inimigo
  artifactKey: Guid(dd7b64c25f413f3408fc78e10ae8c2cf) Importer(815301076,1909f56bfc062723c751e8b465ee728b)
Start importing Assets/Scripts/Inimigo using Guid(dd7b64c25f413f3408fc78e10ae8c2cf) Importer(815301076,1909f56bfc062723c751e8b465ee728b)  -> (artifact id: '94053bbbf52830bcdd6c75c8e88f73e5') in 0.017157 seconds 
========================================================================
Received Import Request.
  Time since last request: 3.932103 seconds.
  path: Assets/Scripts/Inimigo/Inimigo.cs
  artifactKey: Guid(95a4b99a265ff3a4cb19e818dcbbba30) Importer(815301076,1909f56bfc062723c751e8b465ee728b)
Start importing Assets/Scripts/Inimigo/Inimigo.cs using Guid(95a4b99a265ff3a4cb19e818dcbbba30) Importer(815301076,1909f56bfc062723c751e8b465ee728b)  -> (artifact id: '5126a2df37cca8bb78257badb1c77075') in 0.004092 seconds 
========================================================================
Received Import Request.
  Time since last request: 571.665116 seconds.
  path: Assets/Scripts/Inimigo/Dano.cs
  artifactKey: Guid(2762909b058081b439b10758f38799c1) Importer(815301076,1909f56bfc062723c751e8b465ee728b)
Start importing Assets/Scripts/Inimigo/Dano.cs using Guid(2762909b058081b439b10758f38799c1) Importer(815301076,1909f56bfc062723c751e8b465ee728b)  -> (artifact id: 'c4f2b5daedfed71acc693743a7ef2b73') in 0.057593 seconds 
